0 info it worked if it ends with ok
1 verbose cli [ 'node',
1 verbose cli   '/home/user/local/bin/npm',
1 verbose cli   'install',
1 verbose cli   'TwitterJSClient' ]
2 info using npm@2.0.0
3 info using node@v0.10.32
4 warn package.json musings@0.0.1 No repository field.
5 verbose readDependencies using package.json deps
6 verbose cache add [ 'TwitterJSClient', null ]
7 verbose cache add spec="TwitterJSClient" args=["TwitterJSClient",null]
8 verbose parsed spec { raw: 'TwitterJSClient',
8 verbose parsed spec   scope: null,
8 verbose parsed spec   name: 'TwitterJSClient',
8 verbose parsed spec   rawSpec: '',
8 verbose parsed spec   spec: '*',
8 verbose parsed spec   type: 'range' }
9 verbose parsed spec { raw: 'TwitterJSClient',
9 verbose parsed spec   scope: null,
9 verbose parsed spec   name: 'TwitterJSClient',
9 verbose parsed spec   rawSpec: '',
9 verbose parsed spec   spec: '*',
9 verbose parsed spec   type: 'range' }
10 verbose addNamed [ 'TwitterJSClient', '*' ]
11 verbose addNamed [ null, '*' ]
12 silly lockFile db3f3476-TwitterJSClient TwitterJSClient@*
13 verbose lock TwitterJSClient@* /home/user/.npm/db3f3476-TwitterJSClient.lock
14 silly addNameRange { name: 'TwitterJSClient', range: '*', hasData: false }
15 verbose mapToRegistry name TwitterJSClient
16 verbose mapToRegistry uri https://registry.npmjs.org/TwitterJSClient
17 verbose request on initialization, where is /TwitterJSClient
18 verbose request after pass 1, where is /TwitterJSClient
19 verbose request url raw /TwitterJSClient
20 verbose request resolving registry [ 'https://registry.npmjs.org/', './TwitterJSClient' ]
21 verbose request after pass 2, where is https://registry.npmjs.org/TwitterJSClient
22 verbose request no auth needed
23 info attempt registry request try #1 at 11:39:34
24 verbose request id 3309d09d7597e0f6
25 http request GET https://registry.npmjs.org/TwitterJSClient
26 http 404 https://registry.npmjs.org/TwitterJSClient
27 verbose headers { date: 'Wed, 15 Oct 2014 10:39:37 GMT',
27 verbose headers   server: 'CouchDB/1.5.0 (Erlang OTP/R16B03)',
27 verbose headers   'content-type': 'application/json',
27 verbose headers   'cache-control': 'max-age=0',
27 verbose headers   'content-length': '52',
27 verbose headers   'accept-ranges': 'bytes',
27 verbose headers   via: '1.1 varnish',
27 verbose headers   age: '0',
27 verbose headers   'x-served-by': 'cache-ams4126-AMS',
27 verbose headers   'x-cache': 'MISS',
27 verbose headers   'x-cache-hits': '0',
27 verbose headers   'x-timer': 'S1413369577.052944,VS0,VE166',
27 verbose headers   'keep-alive': 'timeout=10, max=50',
27 verbose headers   connection: 'Keep-Alive' }
28 silly registry.get cb [ 404,
28 silly registry.get   { date: 'Wed, 15 Oct 2014 10:39:37 GMT',
28 silly registry.get     server: 'CouchDB/1.5.0 (Erlang OTP/R16B03)',
28 silly registry.get     'content-type': 'application/json',
28 silly registry.get     'cache-control': 'max-age=0',
28 silly registry.get     'content-length': '52',
28 silly registry.get     'accept-ranges': 'bytes',
28 silly registry.get     via: '1.1 varnish',
28 silly registry.get     age: '0',
28 silly registry.get     'x-served-by': 'cache-ams4126-AMS',
28 silly registry.get     'x-cache': 'MISS',
28 silly registry.get     'x-cache-hits': '0',
28 silly registry.get     'x-timer': 'S1413369577.052944,VS0,VE166',
28 silly registry.get     'keep-alive': 'timeout=10, max=50',
28 silly registry.get     connection: 'Keep-Alive' } ]
29 silly lockFile db3f3476-TwitterJSClient TwitterJSClient@*
30 silly lockFile db3f3476-TwitterJSClient TwitterJSClient@*
31 verbose stack Error: 404 Not Found: TwitterJSClient
31 verbose stack     at RegClient.<anonymous> (/home/user/local/lib/node_modules/npm/node_modules/npm-registry-client/lib/request.js:259:14)
31 verbose stack     at Request._callback (/home/user/local/lib/node_modules/npm/node_modules/npm-registry-client/lib/request.js:198:65)
31 verbose stack     at Request.self.callback (/home/user/local/lib/node_modules/npm/node_modules/request/request.js:236:22)
31 verbose stack     at Request.emit (events.js:98:17)
31 verbose stack     at Request.<anonymous> (/home/user/local/lib/node_modules/npm/node_modules/request/request.js:1142:14)
31 verbose stack     at Request.emit (events.js:117:20)
31 verbose stack     at IncomingMessage.<anonymous> (/home/user/local/lib/node_modules/npm/node_modules/request/request.js:1096:12)
31 verbose stack     at IncomingMessage.emit (events.js:117:20)
31 verbose stack     at _stream_readable.js:943:16
31 verbose stack     at process._tickCallback (node.js:419:13)
32 verbose statusCode 404
33 verbose pkgid TwitterJSClient
34 verbose cwd /home/user/Musings
35 error Linux 3.8.11
36 error argv "node" "/home/user/local/bin/npm" "install" "TwitterJSClient"
37 error node v0.10.32
38 error npm  v2.0.0
39 error code E404
40 error 404 Not Found: TwitterJSClient
40 error 404
40 error 404 'TwitterJSClient' is not in the npm registry.
40 error 404 You should bug the author to publish it (or use the name yourself!)
40 error 404 It was specified as a dependency of 'musings'
40 error 404
40 error 404 Note that you can also install from a
40 error 404 tarball, folder, http url, or git url.
41 verbose exit [ 1, true ]
